2021-02-12 13:11:58.766  INFO 5532 --- [main] tn.esprit.spring.FinalApplicationTests   : Starting FinalApplicationTests using Java 1.8.0_271 on DESKTOP-DRT6T4Q with PID 5532 (started by asus in C:\Users\asus\Documents\workspace-spring-tool-suite-4-4.8.1.RELEASE\final)
2021-02-12 13:11:58.769  INFO 5532 --- [main] tn.esprit.spring.FinalApplicationTests   : No active profile set, falling back to default profiles: default
2021-02-12 13:11:59.759  INFO 5532 --- [main] .s.d.r.c.RepositoryConfigurationDelegate : Bootstrapping Spring Data JPA repositories in DEFAULT mode.
2021-02-12 13:11:59.886  INFO 5532 --- [main] .s.d.r.c.RepositoryConfigurationDelegate : Finished Spring Data repository scanning in 110 ms. Found 2 JPA repository interfaces.
2021-02-12 13:12:00.925  INFO 5532 --- [main] o.hibernate.jpa.internal.util.LogHelper  : HHH000204: Processing PersistenceUnitInfo [name: default]
2021-02-12 13:12:01.004  INFO 5532 --- [main] org.hibernate.Version                    : HHH000412: Hibernate ORM core version 5.4.27.Final
2021-02-12 13:12:01.216  INFO 5532 --- [main] o.hibernate.annotations.common.Version   : HCANN000001: Hibernate Commons Annotations {5.1.2.Final}
2021-02-12 13:12:01.914  INFO 5532 --- [main] com.zaxxer.hikari.HikariDataSource       : HikariPool-1 - Starting...
2021-02-12 13:12:02.269  INFO 5532 --- [main] com.zaxxer.hikari.HikariDataSource       : HikariPool-1 - Start completed.
2021-02-12 13:12:02.289  INFO 5532 --- [main] org.hibernate.dialect.Dialect            : HHH000400: Using dialect: org.hibernate.dialect.MySQL5Dialect
2021-02-12 13:12:03.392  INFO 5532 --- [main] o.h.e.t.j.p.i.JtaPlatformInitiator       : HHH000490: Using JtaPlatform implementation: [org.hibernate.engine.transaction.jta.platform.internal.NoJtaPlatform]
2021-02-12 13:12:03.408  INFO 5532 --- [main] j.LocalContainerEntityManagerFactoryBean : Initialized JPA EntityManagerFactory for persistence unit 'default'
2021-02-12 13:12:04.440  WARN 5532 --- [main] JpaBaseConfiguration$JpaWebConfiguration : spring.jpa.open-in-view is enabled by default. Therefore, database queries may be performed during view rendering. Explicitly configure spring.jpa.open-in-view to disable this warning
2021-02-12 13:12:05.171  INFO 5532 --- [main] o.s.s.concurrent.ThreadPoolTaskExecutor  : Initializing ExecutorService 'applicationTaskExecutor'
2021-02-12 13:12:05.983  INFO 5532 --- [main] tn.esprit.spring.FinalApplicationTests   : Started FinalApplicationTests in 7.679 seconds (JVM running for 11.04)
2021-02-12 13:12:07.143  INFO 5532 --- [SpringContextShutdownHook] o.s.s.concurrent.ThreadPoolTaskExecutor  : Shutting down ExecutorService 'applicationTaskExecutor'
2021-02-12 13:12:07.148  INFO 5532 --- [SpringContextShutdownHook] j.LocalContainerEntityManagerFactoryBean : Closing JPA EntityManagerFactory for persistence unit 'default'
2021-02-12 13:12:07.164  INFO 5532 --- [SpringContextShutdownHook] com.zaxxer.hikari.HikariDataSource       : HikariPool-1 - Shutdown initiated...
2021-02-12 13:12:07.197  INFO 5532 --- [SpringContextShutdownHook] com.zaxxer.hikari.HikariDataSource       : HikariPool-1 - Shutdown completed.
2021-02-12 13:19:19.716  INFO 23712 --- [main] tn.esprit.spring.FinalApplicationTests   : Starting FinalApplicationTests using Java 1.8.0_271 on DESKTOP-DRT6T4Q with PID 23712 (started by asus in C:\Users\asus\Documents\workspace-spring-tool-suite-4-4.8.1.RELEASE\final)
2021-02-12 13:19:19.722  INFO 23712 --- [main] tn.esprit.spring.FinalApplicationTests   : No active profile set, falling back to default profiles: default
2021-02-12 13:19:21.238  INFO 23712 --- [main] .s.d.r.c.RepositoryConfigurationDelegate : Bootstrapping Spring Data JPA repositories in DEFAULT mode.
2021-02-12 13:19:21.379  INFO 23712 --- [main] .s.d.r.c.RepositoryConfigurationDelegate : Finished Spring Data repository scanning in 123 ms. Found 2 JPA repository interfaces.
2021-02-12 13:19:22.699  INFO 23712 --- [main] o.hibernate.jpa.internal.util.LogHelper  : HHH000204: Processing PersistenceUnitInfo [name: default]
2021-02-12 13:19:22.822  INFO 23712 --- [main] org.hibernate.Version                    : HHH000412: Hibernate ORM core version 5.4.27.Final
2021-02-12 13:19:23.069  INFO 23712 --- [main] o.hibernate.annotations.common.Version   : HCANN000001: Hibernate Commons Annotations {5.1.2.Final}
2021-02-12 13:19:23.892  INFO 23712 --- [main] com.zaxxer.hikari.HikariDataSource       : HikariPool-1 - Starting...
2021-02-12 13:19:24.271  INFO 23712 --- [main] com.zaxxer.hikari.HikariDataSource       : HikariPool-1 - Start completed.
2021-02-12 13:19:24.296  INFO 23712 --- [main] org.hibernate.dialect.Dialect            : HHH000400: Using dialect: org.hibernate.dialect.MySQL5Dialect
2021-02-12 13:19:25.574  INFO 23712 --- [main] o.h.e.t.j.p.i.JtaPlatformInitiator       : HHH000490: Using JtaPlatform implementation: [org.hibernate.engine.transaction.jta.platform.internal.NoJtaPlatform]
2021-02-12 13:19:25.592  INFO 23712 --- [main] j.LocalContainerEntityManagerFactoryBean : Initialized JPA EntityManagerFactory for persistence unit 'default'
2021-02-12 13:19:26.872  WARN 23712 --- [main] JpaBaseConfiguration$JpaWebConfiguration : spring.jpa.open-in-view is enabled by default. Therefore, database queries may be performed during view rendering. Explicitly configure spring.jpa.open-in-view to disable this warning
2021-02-12 13:19:27.464  INFO 23712 --- [main] o.s.s.concurrent.ThreadPoolTaskExecutor  : Initializing ExecutorService 'applicationTaskExecutor'
2021-02-12 13:19:28.539  INFO 23712 --- [main] tn.esprit.spring.FinalApplicationTests   : Started FinalApplicationTests in 9.531 seconds (JVM running for 11.889)
2021-02-12 13:19:29.990  INFO 23712 --- [SpringContextShutdownHook] o.s.s.concurrent.ThreadPoolTaskExecutor  : Shutting down ExecutorService 'applicationTaskExecutor'
2021-02-12 13:19:29.996  INFO 23712 --- [SpringContextShutdownHook] j.LocalContainerEntityManagerFactoryBean : Closing JPA EntityManagerFactory for persistence unit 'default'
2021-02-12 13:19:30.000  INFO 23712 --- [SpringContextShutdownHook] com.zaxxer.hikari.HikariDataSource       : HikariPool-1 - Shutdown initiated...
2021-02-12 13:19:30.069  INFO 23712 --- [SpringContextShutdownHook] com.zaxxer.hikari.HikariDataSource       : HikariPool-1 - Shutdown completed.
2021-02-12 13:21:30.077  INFO 6864 --- [main] tn.esprit.spring.FinalApplicationTests   : Starting FinalApplicationTests using Java 1.8.0_271 on DESKTOP-DRT6T4Q with PID 6864 (started by asus in C:\Users\asus\Documents\workspace-spring-tool-suite-4-4.8.1.RELEASE\final)
2021-02-12 13:21:30.082  INFO 6864 --- [main] tn.esprit.spring.FinalApplicationTests   : No active profile set, falling back to default profiles: default
2021-02-12 13:21:31.184  INFO 6864 --- [main] .s.d.r.c.RepositoryConfigurationDelegate : Bootstrapping Spring Data JPA repositories in DEFAULT mode.
2021-02-12 13:21:31.305  INFO 6864 --- [main] .s.d.r.c.RepositoryConfigurationDelegate : Finished Spring Data repository scanning in 106 ms. Found 2 JPA repository interfaces.
2021-02-12 13:21:32.282  INFO 6864 --- [main] o.hibernate.jpa.internal.util.LogHelper  : HHH000204: Processing PersistenceUnitInfo [name: default]
2021-02-12 13:21:32.360  INFO 6864 --- [main] org.hibernate.Version                    : HHH000412: Hibernate ORM core version 5.4.27.Final
2021-02-12 13:21:32.559  INFO 6864 --- [main] o.hibernate.annotations.common.Version   : HCANN000001: Hibernate Commons Annotations {5.1.2.Final}
2021-02-12 13:21:33.201  INFO 6864 --- [main] com.zaxxer.hikari.HikariDataSource       : HikariPool-1 - Starting...
2021-02-12 13:21:33.497  INFO 6864 --- [main] com.zaxxer.hikari.HikariDataSource       : HikariPool-1 - Start completed.
2021-02-12 13:21:33.519  INFO 6864 --- [main] org.hibernate.dialect.Dialect            : HHH000400: Using dialect: org.hibernate.dialect.MySQL5Dialect
2021-02-12 13:21:34.624  INFO 6864 --- [main] o.h.e.t.j.p.i.JtaPlatformInitiator       : HHH000490: Using JtaPlatform implementation: [org.hibernate.engine.transaction.jta.platform.internal.NoJtaPlatform]
2021-02-12 13:21:34.640  INFO 6864 --- [main] j.LocalContainerEntityManagerFactoryBean : Initialized JPA EntityManagerFactory for persistence unit 'default'
2021-02-12 13:21:35.692  WARN 6864 --- [main] JpaBaseConfiguration$JpaWebConfiguration : spring.jpa.open-in-view is enabled by default. Therefore, database queries may be performed during view rendering. Explicitly configure spring.jpa.open-in-view to disable this warning
2021-02-12 13:21:36.130  INFO 6864 --- [main] o.s.s.concurrent.ThreadPoolTaskExecutor  : Initializing ExecutorService 'applicationTaskExecutor'
2021-02-12 13:21:36.856  INFO 6864 --- [main] tn.esprit.spring.FinalApplicationTests   : Started FinalApplicationTests in 7.385 seconds (JVM running for 9.244)
2021-02-12 13:21:37.803  INFO 6864 --- [SpringContextShutdownHook] o.s.s.concurrent.ThreadPoolTaskExecutor  : Shutting down ExecutorService 'applicationTaskExecutor'
2021-02-12 13:21:37.807  INFO 6864 --- [SpringContextShutdownHook] j.LocalContainerEntityManagerFactoryBean : Closing JPA EntityManagerFactory for persistence unit 'default'
2021-02-12 13:21:37.813  INFO 6864 --- [SpringContextShutdownHook] com.zaxxer.hikari.HikariDataSource       : HikariPool-1 - Shutdown initiated...
2021-02-12 13:21:37.851  INFO 6864 --- [SpringContextShutdownHook] com.zaxxer.hikari.HikariDataSource       : HikariPool-1 - Shutdown completed.
2021-02-12 13:22:11.074  INFO 26860 --- [main] tn.esprit.spring.FinalApplicationTests   : Starting FinalApplicationTests using Java 1.8.0_271 on DESKTOP-DRT6T4Q with PID 26860 (started by asus in C:\Users\asus\Documents\workspace-spring-tool-suite-4-4.8.1.RELEASE\final)
2021-02-12 13:22:11.078  INFO 26860 --- [main] tn.esprit.spring.FinalApplicationTests   : No active profile set, falling back to default profiles: default
2021-02-12 13:22:12.105  INFO 26860 --- [main] .s.d.r.c.RepositoryConfigurationDelegate : Bootstrapping Spring Data JPA repositories in DEFAULT mode.
2021-02-12 13:22:12.233  INFO 26860 --- [main] .s.d.r.c.RepositoryConfigurationDelegate : Finished Spring Data repository scanning in 113 ms. Found 2 JPA repository interfaces.
2021-02-12 13:22:13.252  INFO 26860 --- [main] o.hibernate.jpa.internal.util.LogHelper  : HHH000204: Processing PersistenceUnitInfo [name: default]
2021-02-12 13:22:13.328  INFO 26860 --- [main] org.hibernate.Version                    : HHH000412: Hibernate ORM core version 5.4.27.Final
2021-02-12 13:22:13.543  INFO 26860 --- [main] o.hibernate.annotations.common.Version   : HCANN000001: Hibernate Commons Annotations {5.1.2.Final}
2021-02-12 13:22:14.211  INFO 26860 --- [main] com.zaxxer.hikari.HikariDataSource       : HikariPool-1 - Starting...
2021-02-12 13:22:14.537  INFO 26860 --- [main] com.zaxxer.hikari.HikariDataSource       : HikariPool-1 - Start completed.
2021-02-12 13:22:14.558  INFO 26860 --- [main] org.hibernate.dialect.Dialect            : HHH000400: Using dialect: org.hibernate.dialect.MySQL5Dialect
2021-02-12 13:22:15.588  INFO 26860 --- [main] o.h.e.t.j.p.i.JtaPlatformInitiator       : HHH000490: Using JtaPlatform implementation: [org.hibernate.engine.transaction.jta.platform.internal.NoJtaPlatform]
2021-02-12 13:22:15.606  INFO 26860 --- [main] j.LocalContainerEntityManagerFactoryBean : Initialized JPA EntityManagerFactory for persistence unit 'default'
2021-02-12 13:22:16.649  WARN 26860 --- [main] JpaBaseConfiguration$JpaWebConfiguration : spring.jpa.open-in-view is enabled by default. Therefore, database queries may be performed during view rendering. Explicitly configure spring.jpa.open-in-view to disable this warning
2021-02-12 13:22:17.094  INFO 26860 --- [main] o.s.s.concurrent.ThreadPoolTaskExecutor  : Initializing ExecutorService 'applicationTaskExecutor'
2021-02-12 13:22:17.866  INFO 26860 --- [main] tn.esprit.spring.FinalApplicationTests   : Started FinalApplicationTests in 7.312 seconds (JVM running for 8.964)
2021-02-12 13:22:18.834  INFO 26860 --- [SpringContextShutdownHook] o.s.s.concurrent.ThreadPoolTaskExecutor  : Shutting down ExecutorService 'applicationTaskExecutor'
2021-02-12 13:22:18.839  INFO 26860 --- [SpringContextShutdownHook] j.LocalContainerEntityManagerFactoryBean : Closing JPA EntityManagerFactory for persistence unit 'default'
2021-02-12 13:22:18.847  INFO 26860 --- [SpringContextShutdownHook] com.zaxxer.hikari.HikariDataSource       : HikariPool-1 - Shutdown initiated...
2021-02-12 13:22:18.885  INFO 26860 --- [SpringContextShutdownHook] com.zaxxer.hikari.HikariDataSource       : HikariPool-1 - Shutdown completed.
2021-02-12 13:25:19.302  INFO 22756 --- [main] tn.esprit.spring.FinalApplicationTests   : Starting FinalApplicationTests using Java 1.8.0_271 on DESKTOP-DRT6T4Q with PID 22756 (started by asus in C:\Users\asus\Documents\workspace-spring-tool-suite-4-4.8.1.RELEASE\final)
2021-02-12 13:25:19.306  INFO 22756 --- [main] tn.esprit.spring.FinalApplicationTests   : No active profile set, falling back to default profiles: default
2021-02-12 13:25:20.279  INFO 22756 --- [main] .s.d.r.c.RepositoryConfigurationDelegate : Bootstrapping Spring Data JPA repositories in DEFAULT mode.
2021-02-12 13:25:20.409  INFO 22756 --- [main] .s.d.r.c.RepositoryConfigurationDelegate : Finished Spring Data repository scanning in 115 ms. Found 2 JPA repository interfaces.
2021-02-12 13:25:21.476  INFO 22756 --- [main] o.hibernate.jpa.internal.util.LogHelper  : HHH000204: Processing PersistenceUnitInfo [name: default]
2021-02-12 13:25:21.563  INFO 22756 --- [main] org.hibernate.Version                    : HHH000412: Hibernate ORM core version 5.4.27.Final
2021-02-12 13:25:21.850  INFO 22756 --- [main] o.hibernate.annotations.common.Version   : HCANN000001: Hibernate Commons Annotations {5.1.2.Final}
2021-02-12 13:25:22.534  INFO 22756 --- [main] com.zaxxer.hikari.HikariDataSource       : HikariPool-1 - Starting...
2021-02-12 13:25:22.831  INFO 22756 --- [main] com.zaxxer.hikari.HikariDataSource       : HikariPool-1 - Start completed.
2021-02-12 13:25:22.854  INFO 22756 --- [main] org.hibernate.dialect.Dialect            : HHH000400: Using dialect: org.hibernate.dialect.MySQL5Dialect
2021-02-12 13:25:24.082  INFO 22756 --- [main] o.h.e.t.j.p.i.JtaPlatformInitiator       : HHH000490: Using JtaPlatform implementation: [org.hibernate.engine.transaction.jta.platform.internal.NoJtaPlatform]
2021-02-12 13:25:24.094  INFO 22756 --- [main] j.LocalContainerEntityManagerFactoryBean : Initialized JPA EntityManagerFactory for persistence unit 'default'
2021-02-12 13:25:25.187  WARN 22756 --- [main] JpaBaseConfiguration$JpaWebConfiguration : spring.jpa.open-in-view is enabled by default. Therefore, database queries may be performed during view rendering. Explicitly configure spring.jpa.open-in-view to disable this warning
2021-02-12 13:25:25.654  INFO 22756 --- [main] o.s.s.concurrent.ThreadPoolTaskExecutor  : Initializing ExecutorService 'applicationTaskExecutor'
2021-02-12 13:25:26.384  INFO 22756 --- [main] tn.esprit.spring.FinalApplicationTests   : Started FinalApplicationTests in 7.573 seconds (JVM running for 9.159)
2021-02-12 13:25:27.419  INFO 22756 --- [SpringContextShutdownHook] o.s.s.concurrent.ThreadPoolTaskExecutor  : Shutting down ExecutorService 'applicationTaskExecutor'
2021-02-12 13:25:27.426  INFO 22756 --- [SpringContextShutdownHook] j.LocalContainerEntityManagerFactoryBean : Closing JPA EntityManagerFactory for persistence unit 'default'
2021-02-12 13:25:27.433  INFO 22756 --- [SpringContextShutdownHook] com.zaxxer.hikari.HikariDataSource       : HikariPool-1 - Shutdown initiated...
2021-02-12 13:25:27.466  INFO 22756 --- [SpringContextShutdownHook] com.zaxxer.hikari.HikariDataSource       : HikariPool-1 - Shutdown completed.
2021-02-12 13:26:08.959  INFO 23300 --- [main] tn.esprit.spring.FinalApplicationTests   : Starting FinalApplicationTests using Java 1.8.0_271 on DESKTOP-DRT6T4Q with PID 23300 (started by asus in C:\Users\asus\Documents\workspace-spring-tool-suite-4-4.8.1.RELEASE\final)
2021-02-12 13:26:08.964  INFO 23300 --- [main] tn.esprit.spring.FinalApplicationTests   : No active profile set, falling back to default profiles: default
2021-02-12 13:26:10.010  INFO 23300 --- [main] .s.d.r.c.RepositoryConfigurationDelegate : Bootstrapping Spring Data JPA repositories in DEFAULT mode.
2021-02-12 13:26:10.146  INFO 23300 --- [main] .s.d.r.c.RepositoryConfigurationDelegate : Finished Spring Data repository scanning in 118 ms. Found 2 JPA repository interfaces.
2021-02-12 13:26:11.212  INFO 23300 --- [main] o.hibernate.jpa.internal.util.LogHelper  : HHH000204: Processing PersistenceUnitInfo [name: default]
2021-02-12 13:26:11.322  INFO 23300 --- [main] org.hibernate.Version                    : HHH000412: Hibernate ORM core version 5.4.27.Final
2021-02-12 13:26:11.610  INFO 23300 --- [main] o.hibernate.annotations.common.Version   : HCANN000001: Hibernate Commons Annotations {5.1.2.Final}
2021-02-12 13:26:12.249  INFO 23300 --- [main] com.zaxxer.hikari.HikariDataSource       : HikariPool-1 - Starting...
2021-02-12 13:26:12.544  INFO 23300 --- [main] com.zaxxer.hikari.HikariDataSource       : HikariPool-1 - Start completed.
2021-02-12 13:26:12.564  INFO 23300 --- [main] org.hibernate.dialect.Dialect            : HHH000400: Using dialect: org.hibernate.dialect.MySQL5Dialect
2021-02-12 13:26:13.542  INFO 23300 --- [main] o.h.e.t.j.p.i.JtaPlatformInitiator       : HHH000490: Using JtaPlatform implementation: [org.hibernate.engine.transaction.jta.platform.internal.NoJtaPlatform]
2021-02-12 13:26:13.567  INFO 23300 --- [main] j.LocalContainerEntityManagerFactoryBean : Initialized JPA EntityManagerFactory for persistence unit 'default'
2021-02-12 13:26:14.538  WARN 23300 --- [main] JpaBaseConfiguration$JpaWebConfiguration : spring.jpa.open-in-view is enabled by default. Therefore, database queries may be performed during view rendering. Explicitly configure spring.jpa.open-in-view to disable this warning
2021-02-12 13:26:15.034  INFO 23300 --- [main] o.s.s.concurrent.ThreadPoolTaskExecutor  : Initializing ExecutorService 'applicationTaskExecutor'
2021-02-12 13:26:15.794  INFO 23300 --- [main] tn.esprit.spring.FinalApplicationTests   : Started FinalApplicationTests in 7.483 seconds (JVM running for 9.596)
2021-02-12 13:26:16.768  INFO 23300 --- [SpringContextShutdownHook] o.s.s.concurrent.ThreadPoolTaskExecutor  : Shutting down ExecutorService 'applicationTaskExecutor'
2021-02-12 13:26:16.770  INFO 23300 --- [SpringContextShutdownHook] j.LocalContainerEntityManagerFactoryBean : Closing JPA EntityManagerFactory for persistence unit 'default'
2021-02-12 13:26:16.775  INFO 23300 --- [SpringContextShutdownHook] com.zaxxer.hikari.HikariDataSource       : HikariPool-1 - Shutdown initiated...
2021-02-12 13:26:16.796  INFO 23300 --- [SpringContextShutdownHook] com.zaxxer.hikari.HikariDataSource       : HikariPool-1 - Shutdown completed.
2021-02-12 13:28:53.448  INFO 8596 --- [main] tn.esprit.spring.FinalApplicationTests   : Starting FinalApplicationTests using Java 1.8.0_271 on DESKTOP-DRT6T4Q with PID 8596 (started by asus in C:\Users\asus\Documents\workspace-spring-tool-suite-4-4.8.1.RELEASE\final)
2021-02-12 13:28:53.451  INFO 8596 --- [main] tn.esprit.spring.FinalApplicationTests   : No active profile set, falling back to default profiles: default
2021-02-12 13:28:54.490  INFO 8596 --- [main] .s.d.r.c.RepositoryConfigurationDelegate : Bootstrapping Spring Data JPA repositories in DEFAULT mode.
2021-02-12 13:28:54.637  INFO 8596 --- [main] .s.d.r.c.RepositoryConfigurationDelegate : Finished Spring Data repository scanning in 126 ms. Found 2 JPA repository interfaces.
2021-02-12 13:28:55.667  INFO 8596 --- [main] o.hibernate.jpa.internal.util.LogHelper  : HHH000204: Processing PersistenceUnitInfo [name: default]
2021-02-12 13:28:55.741  INFO 8596 --- [main] org.hibernate.Version                    : HHH000412: Hibernate ORM core version 5.4.27.Final
2021-02-12 13:28:55.935  INFO 8596 --- [main] o.hibernate.annotations.common.Version   : HCANN000001: Hibernate Commons Annotations {5.1.2.Final}
2021-02-12 13:28:56.576  INFO 8596 --- [main] com.zaxxer.hikari.HikariDataSource       : HikariPool-1 - Starting...
2021-02-12 13:28:56.846  INFO 8596 --- [main] com.zaxxer.hikari.HikariDataSource       : HikariPool-1 - Start completed.
2021-02-12 13:28:56.867  INFO 8596 --- [main] org.hibernate.dialect.Dialect            : HHH000400: Using dialect: org.hibernate.dialect.MySQL5Dialect
2021-02-12 13:28:57.997  INFO 8596 --- [main] o.h.e.t.j.p.i.JtaPlatformInitiator       : HHH000490: Using JtaPlatform implementation: [org.hibernate.engine.transaction.jta.platform.internal.NoJtaPlatform]
2021-02-12 13:28:58.008  INFO 8596 --- [main] j.LocalContainerEntityManagerFactoryBean : Initialized JPA EntityManagerFactory for persistence unit 'default'
2021-02-12 13:28:58.999  WARN 8596 --- [main] JpaBaseConfiguration$JpaWebConfiguration : spring.jpa.open-in-view is enabled by default. Therefore, database queries may be performed during view rendering. Explicitly configure spring.jpa.open-in-view to disable this warning
2021-02-12 13:28:59.587  INFO 8596 --- [main] o.s.s.concurrent.ThreadPoolTaskExecutor  : Initializing ExecutorService 'applicationTaskExecutor'
2021-02-12 13:29:00.394  INFO 8596 --- [main] tn.esprit.spring.FinalApplicationTests   : Started FinalApplicationTests in 7.484 seconds (JVM running for 9.408)
2021-02-12 13:29:01.388  INFO 8596 --- [SpringContextShutdownHook] o.s.s.concurrent.ThreadPoolTaskExecutor  : Shutting down ExecutorService 'applicationTaskExecutor'
2021-02-12 13:29:01.392  INFO 8596 --- [SpringContextShutdownHook] j.LocalContainerEntityManagerFactoryBean : Closing JPA EntityManagerFactory for persistence unit 'default'
2021-02-12 13:29:01.435  INFO 8596 --- [SpringContextShutdownHook] com.zaxxer.hikari.HikariDataSource       : HikariPool-1 - Shutdown initiated...
2021-02-12 13:29:01.459  INFO 8596 --- [SpringContextShutdownHook] com.zaxxer.hikari.HikariDataSource       : HikariPool-1 - Shutdown completed.
2021-02-12 13:29:52.559  INFO 7028 --- [main] tn.esprit.spring.FinalApplicationTests   : Starting FinalApplicationTests using Java 1.8.0_271 on DESKTOP-DRT6T4Q with PID 7028 (started by asus in C:\Users\asus\Documents\workspace-spring-tool-suite-4-4.8.1.RELEASE\final)
2021-02-12 13:29:52.564  INFO 7028 --- [main] tn.esprit.spring.FinalApplicationTests   : No active profile set, falling back to default profiles: default
2021-02-12 13:29:53.548  INFO 7028 --- [main] .s.d.r.c.RepositoryConfigurationDelegate : Bootstrapping Spring Data JPA repositories in DEFAULT mode.
2021-02-12 13:29:53.648  INFO 7028 --- [main] .s.d.r.c.RepositoryConfigurationDelegate : Finished Spring Data repository scanning in 86 ms. Found 2 JPA repository interfaces.
2021-02-12 13:29:54.721  INFO 7028 --- [main] o.hibernate.jpa.internal.util.LogHelper  : HHH000204: Processing PersistenceUnitInfo [name: default]
2021-02-12 13:29:54.819  INFO 7028 --- [main] org.hibernate.Version                    : HHH000412: Hibernate ORM core version 5.4.27.Final
2021-02-12 13:29:55.026  INFO 7028 --- [main] o.hibernate.annotations.common.Version   : HCANN000001: Hibernate Commons Annotations {5.1.2.Final}
2021-02-12 13:29:55.657  INFO 7028 --- [main] com.zaxxer.hikari.HikariDataSource       : HikariPool-1 - Starting...
2021-02-12 13:29:55.960  INFO 7028 --- [main] com.zaxxer.hikari.HikariDataSource       : HikariPool-1 - Start completed.
2021-02-12 13:29:55.980  INFO 7028 --- [main] org.hibernate.dialect.Dialect            : HHH000400: Using dialect: org.hibernate.dialect.MySQL5Dialect
2021-02-12 13:29:57.099  INFO 7028 --- [main] o.h.e.t.j.p.i.JtaPlatformInitiator       : HHH000490: Using JtaPlatform implementation: [org.hibernate.engine.transaction.jta.platform.internal.NoJtaPlatform]
2021-02-12 13:29:57.111  INFO 7028 --- [main] j.LocalContainerEntityManagerFactoryBean : Initialized JPA EntityManagerFactory for persistence unit 'default'
2021-02-12 13:29:58.123  WARN 7028 --- [main] JpaBaseConfiguration$JpaWebConfiguration : spring.jpa.open-in-view is enabled by default. Therefore, database queries may be performed during view rendering. Explicitly configure spring.jpa.open-in-view to disable this warning
2021-02-12 13:29:58.552  INFO 7028 --- [main] o.s.s.concurrent.ThreadPoolTaskExecutor  : Initializing ExecutorService 'applicationTaskExecutor'
2021-02-12 13:29:59.442  INFO 7028 --- [main] tn.esprit.spring.FinalApplicationTests   : Started FinalApplicationTests in 7.509 seconds (JVM running for 9.029)
2021-02-12 13:30:00.533  INFO 7028 --- [SpringContextShutdownHook] o.s.s.concurrent.ThreadPoolTaskExecutor  : Shutting down ExecutorService 'applicationTaskExecutor'
2021-02-12 13:30:00.537  INFO 7028 --- [SpringContextShutdownHook] j.LocalContainerEntityManagerFactoryBean : Closing JPA EntityManagerFactory for persistence unit 'default'
2021-02-12 13:30:00.546  INFO 7028 --- [SpringContextShutdownHook] com.zaxxer.hikari.HikariDataSource       : HikariPool-1 - Shutdown initiated...
2021-02-12 13:30:00.584  INFO 7028 --- [SpringContextShutdownHook] com.zaxxer.hikari.HikariDataSource       : HikariPool-1 - Shutdown completed.
